<?xml version="1.0" encoding="UTF-8"?>
<!-- Generated by org.testng.reporters.JUnitReportReporter -->
<testsuite hostname="DESKTOP-A48AID3" failures="0" tests="1" name="TestCases.TC_02_AppBook" time="45.792" errors="0" timestamp="2024-07-25T22:34:10 IST" skipped="0">
  <testcase classname="TestCases.TC_02_AppBook" name="TC_02_AppBook" time="45.792"/>
</testsuite> <!-- TestCases.TC_02_AppBook -->
